<?xml version="1.0" encoding="UTF-8"?>
<!-- Generated by org.testng.reporters.JUnitXMLReporter -->
<testsuite ignored="0" hostname="ICEN632" failures="0" tests="4" name="Submit Order Test" time="21.446" errors="0" timestamp="2024-03-29T17:48:37 IST">
  <testcase classname="rsa.tests.SubmitOrderTest" name="submitOrder" time="4.1"/>
  <testcase classname="rsa.tests.SubmitOrderTest" name="submitOrder" time="4.111"/>
  <testcase classname="rsa.tests.SubmitOrderTest" name="orderHistoryTest" time="0.825"/>
  <testcase classname="rsa.tests.SubmitOrderTest" name="orderHistoryTest" time="0.737"/>
</testsuite> <!-- Submit Order Test -->
