<?xml version="1.0" encoding="UTF-8"?>
<!-- Generated by org.testng.reporters.JUnitXMLReporter -->
<testsuite ignored="0" hostname="ICEN632" failures="0" tests="2" name="Error Validations Test" time="12.848" errors="0" timestamp="2024-04-01T12:55:45 IST">
  <testcase classname="rsa.tests.ErrorValidationsTest" name="incorrectLoginCredentials" time="1.099"/>
  <testcase classname="rsa.tests.ErrorValidationsTest" name="productValidationTest" time="3.09"/>
</testsuite> <!-- Error Validations Test -->
