<?xml version="1.0" encoding="UTF-8"?>
<!-- Generated by org.testng.reporters.JUnitXMLReporter -->
<testsuite ignored="0" hostname="ICEN632" failures="0" tests="4" name="Submit Order Test" time="24.592" errors="0" timestamp="2024-04-01T12:55:33 IST">
  <testcase classname="rsa.tests.SubmitOrderTest" name="submitOrder" time="4.112"/>
  <testcase classname="rsa.tests.SubmitOrderTest" name="submitOrder" time="4.078"/>
  <testcase classname="rsa.tests.SubmitOrderTest" name="orderHistoryTest" time="0.749"/>
  <testcase classname="rsa.tests.SubmitOrderTest" name="orderHistoryTest" time="0.689"/>
</testsuite> <!-- Submit Order Test -->
